[debug] [2025-04-03T12:07:08.127Z] ----------------------------------------------------------------------
[debug] [2025-04-03T12:07:08.132Z] Command:       C:\Program Files\nodejs\node.exe C:\Users\hkd27\AppData\Roaming\npm\node_modules\firebase-tools\lib\bin\firebase.js emulators:start --only functions
[debug] [2025-04-03T12:07:08.133Z] CLI Version:   14.0.1
[debug] [2025-04-03T12:07:08.133Z] Platform:      win32
[debug] [2025-04-03T12:07:08.133Z] Node Version:  v22.12.0
[debug] [2025-04-03T12:07:08.134Z] Time:          Thu Apr 03 2025 17:37:08 GMT+0530 (India Standard Time)
[debug] [2025-04-03T12:07:08.134Z] ----------------------------------------------------------------------
[debug] 
[debug] [2025-04-03T12:07:08.804Z] > command requires scopes: ["email","openid","https://www.googleapis.com/auth/cloudplatformprojects.readonly","https://www.googleapis.com/auth/firebase","https://www.googleapis.com/auth/cloud-platform"]
[debug] [2025-04-03T12:07:08.805Z] > authorizing via signed-in user (dhanayat.harshat@gmail.com)
[info] i  emulators: Starting emulators: functions {"metadata":{"emulator":{"name":"hub"},"message":"Starting emulators: functions"}}
[debug] [2025-04-03T12:07:08.828Z] [logging] Logging Emulator only supports listening on one address (127.0.0.1). Not listening on ::1
[debug] [2025-04-03T12:07:08.828Z] assigned listening specs for emulators {"user":{"hub":[{"address":"127.0.0.1","family":"IPv4","port":4400},{"address":"::1","family":"IPv6","port":4400}],"ui":[{"address":"127.0.0.1","family":"IPv4","port":4000},{"address":"::1","family":"IPv6","port":4000}],"logging":[{"address":"127.0.0.1","family":"IPv4","port":4500}]},"metadata":{"message":"assigned listening specs for emulators"}}
[debug] [2025-04-03T12:07:08.840Z] [hub] writing locator at C:\Users\hkd27\AppData\Local\Temp\hub-meetnest-67b2b.json
[debug] [2025-04-03T12:07:08.883Z] [functions] Functions Emulator only supports listening on one address (127.0.0.1). Not listening on ::1
[debug] [2025-04-03T12:07:08.883Z] [eventarc] Eventarc Emulator only supports listening on one address (127.0.0.1). Not listening on ::1
[debug] [2025-04-03T12:07:08.883Z] [tasks] Cloud Tasks Emulator only supports listening on one address (127.0.0.1). Not listening on ::1
[debug] [2025-04-03T12:07:08.884Z] late-assigned ports for functions and eventarc emulators {"user":{"hub":[{"address":"127.0.0.1","family":"IPv4","port":4400},{"address":"::1","family":"IPv6","port":4400}],"ui":[{"address":"127.0.0.1","family":"IPv4","port":4000},{"address":"::1","family":"IPv6","port":4000}],"logging":[{"address":"127.0.0.1","family":"IPv4","port":4500}],"functions":[{"address":"127.0.0.1","family":"IPv4","port":5001}],"eventarc":[{"address":"127.0.0.1","family":"IPv4","port":9299}],"tasks":[{"address":"127.0.0.1","family":"IPv4","port":9499}]},"metadata":{"message":"late-assigned ports for functions and eventarc emulators"}}
[warn] !  functions: The following emulators are not running, calls to these services from the Functions emulator will affect production: apphosting, auth, firestore, database, hosting, pubsub, storage, dataconnect {"metadata":{"emulator":{"name":"functions"},"message":"The following emulators are not running, calls to these services from the Functions emulator will affect production: \u001b[1mapphosting, auth, firestore, database, hosting, pubsub, storage, dataconnect\u001b[22m"}}
[debug] [2025-04-03T12:07:08.935Z] defaultcredentials: writing to file C:\Users\hkd27\AppData\Roaming\firebase\dhanayat_harshat_gmail.com_application_default_credentials.json
[debug] [2025-04-03T12:07:08.950Z] Setting GAC to C:\Users\hkd27\AppData\Roaming\firebase\dhanayat_harshat_gmail.com_application_default_credentials.json {"metadata":{"emulator":{"name":"functions"},"message":"Setting GAC to C:\\Users\\hkd27\\AppData\\Roaming\\firebase\\dhanayat_harshat_gmail.com_application_default_credentials.json"}}
[debug] [2025-04-03T12:07:08.953Z] Checked if tokens are valid: true, expires at: 1743683196964
[debug] [2025-04-03T12:07:08.953Z] Checked if tokens are valid: true, expires at: 1743683196964
[debug] [2025-04-03T12:07:08.956Z] >>> [apiv2][query] GET https://firebase.googleapis.com/v1beta1/projects/meetnest-67b2b/adminSdkConfig [none]
[debug] [2025-04-03T12:07:09.527Z] <<< [apiv2][status] GET https://firebase.googleapis.com/v1beta1/projects/meetnest-67b2b/adminSdkConfig 200
[debug] [2025-04-03T12:07:09.528Z] <<< [apiv2][body] GET https://firebase.googleapis.com/v1beta1/projects/meetnest-67b2b/adminSdkConfig {"projectId":"meetnest-67b2b","storageBucket":"meetnest-67b2b.firebasestorage.app"}
[info] i  functions: Watching "C:\Users\hkd27\Documents\Personal\React Expo - Neighborly\functions" for Cloud Functions... {"metadata":{"emulator":{"name":"functions"},"message":"Watching \"C:\\Users\\hkd27\\Documents\\Personal\\React Expo - Neighborly\\functions\" for Cloud Functions..."}}
[debug] [2025-04-03T12:07:09.597Z] Validating nodejs source
[debug] [2025-04-03T12:07:11.383Z] > [functions] package.json contents: {
  "main": "lib/index.js",
  "scripts": {
    "genkit:start": "genkit start -- tsx --watch src/genkit-sample.ts",
    "lint": "eslint --ext .js,.ts .",
    "build": "tsc",
    "build:watch": "tsc --watch",
    "serve": "npm run build && firebase emulators:start --only functions",
    "serve:unix": "npm run build && cross-env $(cat .env.local) firebase emulators:start --only functions",
    "shell": "npm run build && firebase functions:shell",
    "start": "npm run shell",
    "deploy": "firebase deploy --only functions",
    "logs": "firebase functions:log"
  },
  "name": "functions",
  "engines": {
    "node": "22"
  },
  "dependencies": {
    "@genkit-ai/googleai": "^1.4.0",
    "cors": "^2.8.5",
    "cross-env": "^7.0.3",
    "express": "^4.21.2",
    "firebase-admin": "^12.6.0",
    "firebase-functions": "^6.0.1",
    "genkit": "^1.4.0",
    "genkit-cli": "^1.4.0",
    "mongodb": "^6.15.0"
  },
  "devDependencies": {
    "@typescript-eslint/eslint-plugin": "^5.12.0",
    "@typescript-eslint/parser": "^5.12.0",
    "eslint": "^8.9.0",
    "eslint-config-google": "^0.14.0",
    "eslint-plugin-import": "^2.25.4",
    "firebase-functions-test": "^3.1.0",
    "tsx": "^4.19.3",
    "typescript": "^4.9.5"
  },
  "private": true
}
[debug] [2025-04-03T12:07:11.383Z] Building nodejs source
[debug] [2025-04-03T12:07:11.385Z] Failed to find version of module node: reached end of search path C:\Users\hkd27\Documents\Personal\React Expo - Neighborly\functions\node_modules
[info] +  functions: Using node@22 from host. 
[info] i  functions: Loaded environment variables from .env.local. 
[debug] [2025-04-03T12:07:11.397Z] Could not find functions.yaml. Must use http discovery
[debug] [2025-04-03T12:07:11.423Z] Found firebase-functions binary at 'C:\Users\hkd27\Documents\Personal\React Expo - Neighborly\functions\node_modules\.bin\firebase-functions'
[info] Serving at port 8377

[info] {"severity":"INFO","message":"MongoDB URI: mongodb+srv://dhanayatharshat:***@meetnestv0.j9j7rft.mongodb.net/"}

[info] {"severity":"INFO","message":"MongoDB Database Name: meetnest_v0"}

[debug] [2025-04-03T12:07:12.711Z] Got response from /__/functions.yaml {"endpoints":{"api":{"availableMemoryMb":256,"timeoutSeconds":540,"minInstances":null,"maxInstances":null,"ingressSettings":null,"concurrency":null,"serviceAccountEmail":null,"vpc":null,"platform":"gcfv2","labels":{},"httpsTrigger":{},"entryPoint":"api"}},"specVersion":"v1alpha1","requiredAPIs":[],"extensions":{}}
[info] +  functions: Loaded functions definitions from source: api. {"metadata":{"emulator":{"name":"functions"},"message":"Loaded functions definitions from source: api."}}
[info] +  functions[us-central1-api]: http function initialized (http://127.0.0.1:5001/meetnest-67b2b/us-central1/api). {"metadata":{"emulator":{"name":"functions"},"message":"\u001b[1mhttp\u001b[22m function initialized (http://127.0.0.1:5001/meetnest-67b2b/us-central1/api)."}}
[info] i  functions: Watching "C:\Users\hkd27\Documents\Personal\React Expo - Neighborly\meetnest_test_v0" for Cloud Functions... {"metadata":{"emulator":{"name":"functions"},"message":"Watching \"C:\\Users\\hkd27\\Documents\\Personal\\React Expo - Neighborly\\meetnest_test_v0\" for Cloud Functions..."}}
[debug] [2025-04-03T12:07:16.815Z] Validating nodejs source
[debug] [2025-04-03T12:07:18.556Z] > [functions] package.json contents: {
  "name": "functions",
  "description": "Cloud Functions for Firebase",
  "scripts": {
    "serve": "firebase emulators:start --only functions",
    "shell": "firebase functions:shell",
    "start": "npm run shell",
    "deploy": "firebase deploy --only functions",
    "logs": "firebase functions:log"
  },
  "engines": {
    "node": "22"
  },
  "main": "index.js",
  "dependencies": {
    "firebase-admin": "^12.6.0",
    "firebase-functions": "^6.0.1"
  },
  "devDependencies": {
    "firebase-functions-test": "^3.1.0"
  },
  "private": true
}
[debug] [2025-04-03T12:07:18.556Z] Building nodejs source
[debug] [2025-04-03T12:07:18.557Z] Failed to find version of module node: reached end of search path C:\Users\hkd27\Documents\Personal\React Expo - Neighborly\meetnest_test_v0\node_modules
[info] +  functions: Using node@22 from host. 
[debug] [2025-04-03T12:07:18.558Z] Could not find functions.yaml. Must use http discovery
[debug] [2025-04-03T12:07:18.568Z] Found firebase-functions binary at 'C:\Users\hkd27\Documents\Personal\React Expo - Neighborly\meetnest_test_v0\node_modules\.bin\firebase-functions'
[info] Serving at port 8633

[debug] [2025-04-03T12:07:19.203Z] Got response from /__/functions.yaml {"endpoints":{},"specVersion":"v1alpha1","requiredAPIs":[],"extensions":{}}
[info] +  functions: Loaded functions definitions from source: . {"metadata":{"emulator":{"name":"functions"},"message":"Loaded functions definitions from source: ."}}
[debug] [2025-04-03T12:07:23.269Z] Could not find VSCode notification endpoint: FetchError: request to http://localhost:40001/vscode/notify failed, reason: connect ECONNREFUSED ::1:40001. If you are not running the Firebase Data Connect VSCode extension, this is expected and not an issue.
[info] 
┌─────────────────────────────────────────────────────────────┐
│ ✔  All emulators ready! It is now safe to connect your app. │
│ i  View Emulator UI at http://127.0.0.1:4000/               │
└─────────────────────────────────────────────────────────────┘

┌───────────┬────────────────┬─────────────────────────────────┐
│ Emulator  │ Host:Port      │ View in Emulator UI             │
├───────────┼────────────────┼─────────────────────────────────┤
│ Functions │ 127.0.0.1:5001 │ http://127.0.0.1:4000/functions │
└───────────┴────────────────┴─────────────────────────────────┘
  Emulator Hub host: 127.0.0.1 port: 4400
  Other reserved ports: 4500

Issues? Report them at https://github.com/firebase/firebase-tools/issues and attach the *-debug.log files.
 
